# JRE version: Java(TM) SE Runtime Environment (8.0_121-b13) (build 1.8.0_121-b13)
# Java VM: Java HotSpot(TM) 64-Bit Server VM (25.121-b13 mixed mode windows-amd64 compressed oops)
Heap:
 PSYoungGen      total 355328K, used 105251K [0x00000000e0000000, 0x0000000100000000, 0x0000000100000000)
  eden space 289792K, 13% used [0x00000000e0000000,0x00000000e2708a00,0x00000000f1b00000)
  from space 65536K, 99% used [0x00000000f1b00000,0x00000000f5ac0430,0x00000000f5b00000)
  to   space 118272K, 0% used [0x00000000f8c80000,0x00000000f8c80000,0x0000000100000000)
 ParOldGen       total 374784K, used 180345K [0x00000000a0000000, 0x00000000b6e00000, 0x00000000e0000000)
  object space 374784K, 48% used [0x00000000a0000000,0x00000000ab01e630,0x00000000b6e00000)
 Metaspace       used 76639K, capacity 79888K, committed 82068K, reserved 1120256K
  class space    used 9690K, capacity 10317K, committed 10940K, reserved 1048576K
GC Heap History (10 events):
Event: 6642.407 GC heap before
{Heap before GC invocations=27 (full 4):
 PSYoungGen      total 402944K, used 23030K [0x00000000e0000000, 0x0000000100000000, 0x0000000100000000)
  eden space 379904K, 0% used [0x00000000e0000000,0x00000000e0000000,0x00000000f7300000)
  from space 23040K, 99% used [0x00000000f7300000,0x00000000f897daf0,0x00000000f8980000)
  to   space 51200K, 0% used [0x00000000fce00000,0x00000000fce00000,0x0000000100000000)
 ParOldGen       total 150016K, used 136349K [0x00000000a0000000, 0x00000000a9280000, 0x00000000e0000000)
  object space 150016K, 90% used [0x00000000a0000000,0x00000000a85276f8,0x00000000a9280000)
 Metaspace       used 77771K, capacity 81888K, committed 82068K, reserved 1120256K
  class space    used 10043K, capacity 10861K, committed 10940K, reserved 1048576K
Event: 6651.187 GC heap after
Heap after GC invocations=27 (full 4):
 PSYoungGen      total 402944K, used 0K [0x00000000e0000000, 0x0000000100000000, 0x0000000100000000)
  eden space 379904K, 0% used [0x00000000e0000000,0x00000000e0000000,0x00000000f7300000)
  from space 23040K, 0% used [0x00000000f7300000,0x00000000f7300000,0x00000000f8980000)
  to   space 51200K, 0% used [0x00000000fce00000,0x00000000fce00000,0x0000000100000000)
 ParOldGen       total 275968K, used 133942K [0x00000000a0000000, 0x00000000b0d80000, 0x00000000e0000000)
  object space 275968K, 48% used [0x00000000a0000000,0x00000000a82cd850,0x00000000b0d80000)
 Metaspace       used 76101K, capacity 79342K, committed 82068K, reserved 1120256K
  class space    used 9670K, capacity 10284K, committed 10940K, reserved 1048576K
}
Event: 6651.903 GC heap before
{Heap before GC invocations=28 (full 4):
 PSYoungGen      total 402944K, used 379904K [0x00000000e0000000, 0x0000000100000000, 0x0000000100000000)
  eden space 379904K, 100% used [0x00000000e0000000,0x00000000f7300000,0x00000000f7300000)
  from space 23040K, 0% used [0x00000000f7300000,0x00000000f7300000,0x00000000f8980000)
  to   space 51200K, 0% used [0x00000000fce00000,0x00000000fce00000,0x0000000100000000)
 ParOldGen       total 275968K, used 133942K [0x00000000a0000000, 0x00000000b0d80000, 0x00000000e0000000)
  object space 275968K, 48% used [0x00000000a0000000,0x00000000a82cd850,0x00000000b0d80000)
 Metaspace       used 76461K, capacity 79696K, committed 82068K, reserved 1120256K
  class space    used 9687K, capacity 10317K, committed 10940K, reserved 1048576K
Event: 6652.175 GC heap after
Heap after GC invocations=28 (full 4):
 PSYoungGen      total 410624K, used 51198K [0x00000000e0000000, 0x0000000100000000, 0x0000000100000000)
  eden space 359424K, 0% used [0x00000000e0000000,0x00000000e0000000,0x00000000f5f00000)
  from space 51200K, 99% used [0x00000000fce00000,0x00000000fffff950,0x0000000100000000)
  to   space 82432K, 0% used [0x00000000f5f00000,0x00000000f5f00000,0x00000000faf80000)
 ParOldGen       total 275968K, used 195010K [0x00000000a0000000, 0x00000000b0d80000, 0x00000000e0000000)
  object space 275968K, 70% used [0x00000000a0000000,0x00000000abe70af8,0x00000000b0d80000)
 Metaspace       used 76461K, capacity 79696K, committed 82068K, reserved 1120256K
  class space    used 9687K, capacity 10317K, committed 10940K, reserved 1048576K
}
Event: 6652.729 GC heap before
{Heap before GC invocations=29 (full 4):
 PSYoungGen      total 410624K, used 410622K [0x00000000e0000000, 0x0000000100000000, 0x0000000100000000)
  eden space 359424K, 100% used [0x00000000e0000000,0x00000000f5f00000,0x00000000f5f00000)
  from space 51200K, 99% used [0x00000000fce00000,0x00000000fffff950,0x0000000100000000)
  to   space 82432K, 0% used [0x00000000f5f00000,0x00000000f5f00000,0x00000000faf80000)
 ParOldGen       total 275968K, used 195010K [0x00000000a0000000, 0x00000000b0d80000, 0x00000000e0000000)
  object space 275968K, 70% used [0x00000000a0000000,0x00000000abe70af8,0x00000000b0d80000)
 Metaspace       used 76478K, capacity 79696K, committed 82068K, reserved 1120256K
  class space    used 9687K, capacity 10317K, committed 10940K, reserved 1048576K
Event: 6652.808 GC heap after
Heap after GC invocations=29 (full 4):
 PSYoungGen      total 441856K, used 82417K [0x00000000e0000000, 0x0000000100000000, 0x0000000100000000)
  eden space 359424K, 0% used [0x00000000e0000000,0x00000000e0000000,0x00000000f5f00000)
  from space 82432K, 99% used [0x00000000f5f00000,0x00000000faf7c6a0,0x00000000faf80000)
  to   space 82432K, 0% used [0x00000000faf80000,0x00000000faf80000,0x0000000100000000)
 ParOldGen       total 275968K, used 241764K [0x00000000a0000000, 0x00000000b0d80000, 0x00000000e0000000)
  object space 275968K, 87% used [0x00000000a0000000,0x00000000aec19318,0x00000000b0d80000)
 Metaspace       used 76478K, capacity 79696K, committed 82068K, reserved 1120256K
  class space    used 9687K, capacity 10317K, committed 10940K, reserved 1048576K
}
Event: 6652.808 GC heap before
{Heap before GC invocations=30 (full 5):
 PSYoungGen      total 441856K, used 82417K [0x00000000e0000000, 0x0000000100000000, 0x0000000100000000)
  eden space 359424K, 0% used [0x00000000e0000000,0x00000000e0000000,0x00000000f5f00000)
  from space 82432K, 99% used [0x00000000f5f00000,0x00000000faf7c6a0,0x00000000faf80000)
  to   space 82432K, 0% used [0x00000000faf80000,0x00000000faf80000,0x0000000100000000)
 ParOldGen       total 275968K, used 241764K [0x00000000a0000000, 0x00000000b0d80000, 0x00000000e0000000)
  object space 275968K, 87% used [0x00000000a0000000,0x00000000aec19318,0x00000000b0d80000)
 Metaspace       used 76478K, capacity 79696K, committed 82068K, reserved 1120256K
  class space    used 9687K, capacity 10317K, committed 10940K, reserved 1048576K
Event: 6654.156 GC heap after
Heap after GC invocations=30 (full 5):
 PSYoungGen      total 441856K, used 0K [0x00000000e0000000, 0x0000000100000000, 0x0000000100000000)
  eden space 359424K, 0% used [0x00000000e0000000,0x00000000e0000000,0x00000000f5f00000)
  from space 82432K, 0% used [0x00000000f5f00000,0x00000000f5f00000,0x00000000faf80000)
  to   space 82432K, 0% used [0x00000000faf80000,0x00000000faf80000,0x0000000100000000)
 ParOldGen       total 374784K, used 180329K [0x00000000a0000000, 0x00000000b6e00000, 0x00000000e0000000)
  object space 374784K, 48% used [0x00000000a0000000,0x00000000ab01a630,0x00000000b6e00000)
 Metaspace       used 76478K, capacity 79696K, committed 82068K, reserved 1120256K
  class space    used 9687K, capacity 10317K, committed 10940K, reserved 1048576K
}
Event: 6654.639 GC heap before
{Heap before GC invocations=31 (full 5):
 PSYoungGen      total 441856K, used 359424K [0x00000000e0000000, 0x0000000100000000, 0x0000000100000000)
  eden space 359424K, 100% used [0x00000000e0000000,0x00000000f5f00000,0x00000000f5f00000)
  from space 82432K, 0% used [0x00000000f5f00000,0x00000000f5f00000,0x00000000faf80000)
  to   space 82432K, 0% used [0x00000000faf80000,0x00000000faf80000,0x0000000100000000)
 ParOldGen       total 374784K, used 180329K [0x00000000a0000000, 0x00000000b6e00000, 0x00000000e0000000)
  object space 374784K, 48% used [0x00000000a0000000,0x00000000ab01a630,0x00000000b6e00000)
 Metaspace       used 76532K, capacity 79760K, committed 82068K, reserved 1120256K
  class space    used 9687K, capacity 10317K, committed 10940K, reserved 1048576K
Event: 6654.683 GC heap after
Heap after GC invocations=31 (full 5):
 PSYoungGen      total 372224K, used 68626K [0x00000000e0000000, 0x0000000100000000, 0x0000000100000000)
  eden space 289792K, 0% used [0x00000000e0000000,0x00000000e0000000,0x00000000f1b00000)
  from space 82432K, 83% used [0x00000000faf80000,0x00000000ff284818,0x0000000100000000)
  to   space 117248K, 0% used [0x00000000f1b00000,0x00000000f1b00000,0x00000000f8d80000)
 ParOldGen       total 374784K, used 180337K [0x00000000a0000000, 0x00000000b6e00000, 0x00000000e0000000)
  object space 374784K, 48% used [0x00000000a0000000,0x00000000ab01c630,0x00000000b6e00000)
 Metaspace       used 76532K, capacity 79760K, committed 82068K, reserved 1120256K
  class space    used 9687K, capacity 10317K, committed 10940K, reserved 1048576K
}

